<?xml version="1.0" encoding="UTF-8"?>
<!-- Generated by org.testng.reporters.JUnitReportReporter -->
<testsuite hostname="TGCND9345R2S" failures="0" tests="1" name="test.java.prueba_envio_mail" time="3.066" errors="0" timestamp="2024-04-20T01:02:22 CLT" skipped="0">
  <testcase classname="test.java.prueba_envio_mail" name="envioCorreo_test" time="3.066"/>
  <system-out/>
</testsuite> <!-- test.java.prueba_envio_mail -->
