<?xml version="1.0" encoding="UTF-8"?>
<!-- Generated by org.testng.reporters.JUnitReportReporter -->
<testsuite hostname="TGCND9345R2S" failures="0" tests="3" name="test.java.carritocompras.CC_Test" time="72.289" errors="0" timestamp="2024-04-24T01:53:00 CLT" skipped="0">
  <testcase classname="test.java.carritocompras.CC_Test" name="CC_QA_Automatizacion" time="24.012"/>
  <system-out/>
  <testcase classname="test.java.carritocompras.CC_Test" name="CC_QA_Automatizacion" time="25.129"/>
  <system-out/>
  <testcase classname="test.java.carritocompras.CC_Test" name="CC_QA_Automatizacion" time="23.148"/>
  <system-out/>
</testsuite> <!-- test.java.carritocompras.CC_Test -->
